<?xml version="1.0" encoding="UTF-8"?>
<!-- Generated by org.testng.reporters.JUnitReportReporter -->
<testsuite hostname="DESKTOP-DTUC25P" failures="0" tests="1" name="testRunner.TestRunner" time="11.834" errors="0" timestamp="13 Aug 2023 06:13:13 GMT" skipped="0">
  <testcase classname="testRunner.TestRunner" name="feature" time="11.834"/>
</testsuite> <!-- testRunner.TestRunner -->
