<?xml version="1.0" encoding="UTF-8"?>
<!-- Generated by org.testng.reporters.JUnitReportReporter -->
<testsuite hostname="DESKTOP-DTUC25P" failures="0" tests="1" name="testRunner.TestRunner" time="26.247" errors="0" timestamp="12 Aug 2023 06:33:33 GMT" skipped="0">
  <testcase classname="testRunner.TestRunner" name="feature" time="26.247"/>
</testsuite> <!-- testRunner.TestRunner -->
